app/build/intermediates/manifest_merge_blame_file/debug/manifest-merger-blame-debug-report.txt
1<?xml version="1.0" encoding="utf-8"?>
2<manifest xmlns:android="http://schemas.android.com/apk/res/android"
3    package="com.muriloq.android.phoenix.debug"
4    android:installLocation="preferExternal"
5    android:versionCode="1"
6    android:versionName="1.0.0" >
7
8    <uses-sdk
9        android:minSdkVersion="24"
9-->src/main/AndroidManifest.xml
10        android:targetSdkVersion="28" />
10-->src/main/AndroidManifest.xml
11
12    <uses-permission android:name="android.permission.WRITE_EXTERNAL_STORAGE" />
12-->src/main/AndroidManifest.xml:9:5-81
12-->src/main/AndroidManifest.xml:9:22-78
13
14    <uses-feature android:name="android.hardware.usb.accessory" />
14-->src/main/AndroidManifest.xml:10:5-67
14-->src/main/AndroidManifest.xml:10:19-64
15
16    <application
16-->src/main/AndroidManifest.xml:12:5-34:19
17        android:appComponentFactory="androidx.core.app.CoreComponentFactory"
17-->[androidx.core:core:1.0.0] AndroidManifest.xml:22:18-86
18        android:debuggable="true"
19        android:extractNativeLibs="false"
20        android:icon="@drawable/icon"
20-->src/main/AndroidManifest.xml:13:6-35
21        android:label="@string/app_name"
21-->src/main/AndroidManifest.xml:14:6-38
22        android:testOnly="true"
23        android:theme="@android:style/Theme.NoTitleBar.Fullscreen" >
23-->src/main/AndroidManifest.xml:14:39-97
24        <activity
24-->src/main/AndroidManifest.xml:17:9-22:20
25            android:name="com.muriloq.android.phoenix.PhoenixActivity"
25-->src/main/AndroidManifest.xml:17:52-82
26            android:label="@string/app_name" >
26-->src/main/AndroidManifest.xml:17:19-51
27            <intent-filter>
27-->src/main/AndroidManifest.xml:18:13-21:29
28                <action android:name="android.intent.action.MAIN" />
28-->src/main/AndroidManifest.xml:19:17-69
28-->src/main/AndroidManifest.xml:19:25-66
29
30                <category android:name="android.intent.category.LAUNCHER" />
30-->src/main/AndroidManifest.xml:20:17-77
30-->src/main/AndroidManifest.xml:20:27-74
31            </intent-filter>
32        </activity>
33        <activity android:name="com.muriloq.android.phoenix.AccessoryPhoenixActivity" >
33-->src/main/AndroidManifest.xml:23:9-30:20
33-->src/main/AndroidManifest.xml:23:19-58
34            <intent-filter>
34-->src/main/AndroidManifest.xml:24:13-26:29
35                <action android:name="android.hardware.usb.action.USB_ACCESSORY_ATTACHED" />
35-->src/main/AndroidManifest.xml:25:15-91
35-->src/main/AndroidManifest.xml:25:23-88
36            </intent-filter>
37
38            <meta-data
38-->src/main/AndroidManifest.xml:28:13-29:58
39                android:name="android.hardware.usb.action.USB_ACCESSORY_ATTACHED"
39-->src/main/AndroidManifest.xml:28:24-89
40                android:resource="@xml/accessory_filter" />
40-->src/main/AndroidManifest.xml:29:15-55
41        </activity>
42
43        <uses-library
43-->src/main/AndroidManifest.xml:32:9-111
44            android:name="com.android.future.usb.accessory"
44-->src/main/AndroidManifest.xml:32:23-70
45            android:required="false" />
45-->src/main/AndroidManifest.xml:32:71-95
46
47        <provider
47-->[androidx.lifecycle:lifecycle-process:2.0.0] AndroidManifest.xml:23:9-27:43
48            android:name="androidx.lifecycle.ProcessLifecycleOwnerInitializer"
48-->[androidx.lifecycle:lifecycle-process:2.0.0] AndroidManifest.xml:24:13-79
49            android:authorities="com.muriloq.android.phoenix.debug.lifecycle-process"
49-->[androidx.lifecycle:lifecycle-process:2.0.0] AndroidManifest.xml:25:13-69
50            android:exported="false"
50-->[androidx.lifecycle:lifecycle-process:2.0.0] AndroidManifest.xml:26:13-37
51            android:multiprocess="true" />
51-->[androidx.lifecycle:lifecycle-process:2.0.0] AndroidManifest.xml:27:13-40
52    </application>
53
54</manifest>